2026-03-18 21:39:04,522 - INFO - 开始执行RMS数据导入流程
2026-03-18 21:39:04,522 - INFO - 执行脚本日期范围: 20260111 ~ 20260211
2026-03-18 21:39:04,522 - INFO - 目标数据日期范围: 20260108 ~ 20260208
2026-03-18 21:39:04,522 - INFO - 共需处理 32 天的数据
2026-03-18 21:39:04,522 - INFO - 
=== 处理执行日期: 20260111 (对应目标数据日期: 20260108) ===
2026-03-18 21:39:04,522 - INFO - 步骤1: 执行rms_pull.sh脚本下载数据
2026-03-18 21:39:04,522 - INFO - 执行命令: /home/dj/scripts/fileScripts/rms_pull.sh 20260111
2026-03-18 21:39:04,541 - ERROR - 命令执行失败: /home/dj/scripts/fileScripts/rms_pull.sh 20260111
2026-03-18 21:39:04,541 - ERROR - 错误输出: 系统找不到指定的路径。

2026-03-18 21:39:04,541 - ERROR - 下载数据失败，跳过执行日期: 20260111
2026-03-18 21:39:04,541 - INFO - 
=== 处理执行日期: 20260112 (对应目标数据日期: 20260109) ===
2026-03-18 21:39:04,541 - INFO - 步骤1: 执行rms_pull.sh脚本下载数据
2026-03-18 21:39:04,541 - INFO - 执行命令: /home/dj/scripts/fileScripts/rms_pull.sh 20260112
2026-03-18 21:39:04,559 - ERROR - 命令执行失败: /home/dj/scripts/fileScripts/rms_pull.sh 20260112
2026-03-18 21:39:04,559 - ERROR - 错误输出: 系统找不到指定的路径。

2026-03-18 21:39:04,559 - ERROR - 下载数据失败，跳过执行日期: 20260112
2026-03-18 21:39:04,559 - INFO - 
=== 处理执行日期: 20260113 (对应目标数据日期: 20260110) ===
2026-03-18 21:39:04,559 - INFO - 步骤1: 执行rms_pull.sh脚本下载数据
2026-03-18 21:39:04,559 - INFO - 执行命令: /home/dj/scripts/fileScripts/rms_pull.sh 20260113
2026-03-18 21:39:04,579 - ERROR - 命令执行失败: /home/dj/scripts/fileScripts/rms_pull.sh 20260113
2026-03-18 21:39:04,579 - ERROR - 错误输出: 系统找不到指定的路径。

2026-03-18 21:39:04,579 - ERROR - 下载数据失败，跳过执行日期: 20260113
2026-03-18 21:39:04,579 - INFO - 
=== 处理执行日期: 20260114 (对应目标数据日期: 20260111) ===
2026-03-18 21:39:04,579 - INFO - 步骤1: 执行rms_pull.sh脚本下载数据
2026-03-18 21:39:04,579 - INFO - 执行命令: /home/dj/scripts/fileScripts/rms_pull.sh 20260114
2026-03-18 21:39:04,598 - ERROR - 命令执行失败: /home/dj/scripts/fileScripts/rms_pull.sh 20260114
2026-03-18 21:39:04,598 - ERROR - 错误输出: 系统找不到指定的路径。

2026-03-18 21:39:04,598 - ERROR - 下载数据失败，跳过执行日期: 20260114
2026-03-18 21:39:04,598 - INFO - 
=== 处理执行日期: 20260115 (对应目标数据日期: 20260112) ===
2026-03-18 21:39:04,598 - INFO - 步骤1: 执行rms_pull.sh脚本下载数据
2026-03-18 21:39:04,598 - INFO - 执行命令: /home/dj/scripts/fileScripts/rms_pull.sh 20260115
2026-03-18 21:39:04,623 - ERROR - 命令执行失败: /home/dj/scripts/fileScripts/rms_pull.sh 20260115
2026-03-18 21:39:04,623 - ERROR - 错误输出: 系统找不到指定的路径。

2026-03-18 21:39:04,623 - ERROR - 下载数据失败，跳过执行日期: 20260115
2026-03-18 21:39:04,623 - INFO - 
=== 处理执行日期: 20260116 (对应目标数据日期: 20260113) ===
2026-03-18 21:39:04,623 - INFO - 步骤1: 执行rms_pull.sh脚本下载数据
2026-03-18 21:39:04,623 - INFO - 执行命令: /home/dj/scripts/fileScripts/rms_pull.sh 20260116
2026-03-18 21:39:04,643 - ERROR - 命令执行失败: /home/dj/scripts/fileScripts/rms_pull.sh 20260116
2026-03-18 21:39:04,643 - ERROR - 错误输出: 系统找不到指定的路径。

2026-03-18 21:39:04,643 - ERROR - 下载数据失败，跳过执行日期: 20260116
2026-03-18 21:39:04,643 - INFO - 
=== 处理执行日期: 20260117 (对应目标数据日期: 20260114) ===
2026-03-18 21:39:04,643 - INFO - 步骤1: 执行rms_pull.sh脚本下载数据
2026-03-18 21:39:04,643 - INFO - 执行命令: /home/dj/scripts/fileScripts/rms_pull.sh 20260117
2026-03-18 21:39:04,680 - ERROR - 命令执行失败: /home/dj/scripts/fileScripts/rms_pull.sh 20260117
2026-03-18 21:39:04,680 - ERROR - 错误输出: 系统找不到指定的路径。

2026-03-18 21:39:04,680 - ERROR - 下载数据失败，跳过执行日期: 20260117
2026-03-18 21:39:04,680 - INFO - 
=== 处理执行日期: 20260118 (对应目标数据日期: 20260115) ===
2026-03-18 21:39:04,680 - INFO - 步骤1: 执行rms_pull.sh脚本下载数据
2026-03-18 21:39:04,680 - INFO - 执行命令: /home/dj/scripts/fileScripts/rms_pull.sh 20260118
2026-03-18 21:39:04,705 - ERROR - 命令执行失败: /home/dj/scripts/fileScripts/rms_pull.sh 20260118
2026-03-18 21:39:04,705 - ERROR - 错误输出: 系统找不到指定的路径。

2026-03-18 21:39:04,705 - ERROR - 下载数据失败，跳过执行日期: 20260118
2026-03-18 21:39:04,705 - INFO - 
=== 处理执行日期: 20260119 (对应目标数据日期: 20260116) ===
2026-03-18 21:39:04,705 - INFO - 步骤1: 执行rms_pull.sh脚本下载数据
2026-03-18 21:39:04,705 - INFO - 执行命令: /home/dj/scripts/fileScripts/rms_pull.sh 20260119
2026-03-18 21:39:04,728 - ERROR - 命令执行失败: /home/dj/scripts/fileScripts/rms_pull.sh 20260119
2026-03-18 21:39:04,728 - ERROR - 错误输出: 系统找不到指定的路径。

2026-03-18 21:39:04,728 - ERROR - 下载数据失败，跳过执行日期: 20260119
2026-03-18 21:39:04,729 - INFO - 
=== 处理执行日期: 20260120 (对应目标数据日期: 20260117) ===
2026-03-18 21:39:04,729 - INFO - 步骤1: 执行rms_pull.sh脚本下载数据
2026-03-18 21:39:04,729 - INFO - 执行命令: /home/dj/scripts/fileScripts/rms_pull.sh 20260120
2026-03-18 21:39:04,752 - ERROR - 命令执行失败: /home/dj/scripts/fileScripts/rms_pull.sh 20260120
2026-03-18 21:39:04,752 - ERROR - 错误输出: 系统找不到指定的路径。

2026-03-18 21:39:04,753 - ERROR - 下载数据失败，跳过执行日期: 20260120
2026-03-18 21:39:04,753 - INFO - 
=== 处理执行日期: 20260121 (对应目标数据日期: 20260118) ===
2026-03-18 21:39:04,753 - INFO - 步骤1: 执行rms_pull.sh脚本下载数据
2026-03-18 21:39:04,753 - INFO - 执行命令: /home/dj/scripts/fileScripts/rms_pull.sh 20260121
2026-03-18 21:39:04,780 - ERROR - 命令执行失败: /home/dj/scripts/fileScripts/rms_pull.sh 20260121
2026-03-18 21:39:04,781 - ERROR - 错误输出: 系统找不到指定的路径。

2026-03-18 21:39:04,781 - ERROR - 下载数据失败，跳过执行日期: 20260121
2026-03-18 21:39:04,782 - INFO - 
=== 处理执行日期: 20260122 (对应目标数据日期: 20260119) ===
2026-03-18 21:39:04,782 - INFO - 步骤1: 执行rms_pull.sh脚本下载数据
2026-03-18 21:39:04,782 - INFO - 执行命令: /home/dj/scripts/fileScripts/rms_pull.sh 20260122
2026-03-18 21:39:04,807 - ERROR - 命令执行失败: /home/dj/scripts/fileScripts/rms_pull.sh 20260122
2026-03-18 21:39:04,807 - ERROR - 错误输出: 系统找不到指定的路径。

2026-03-18 21:39:04,807 - ERROR - 下载数据失败，跳过执行日期: 20260122
2026-03-18 21:39:04,808 - INFO - 
=== 处理执行日期: 20260123 (对应目标数据日期: 20260120) ===
2026-03-18 21:39:04,808 - INFO - 步骤1: 执行rms_pull.sh脚本下载数据
2026-03-18 21:39:04,808 - INFO - 执行命令: /home/dj/scripts/fileScripts/rms_pull.sh 20260123
2026-03-18 21:39:04,837 - ERROR - 命令执行失败: /home/dj/scripts/fileScripts/rms_pull.sh 20260123
2026-03-18 21:39:04,837 - ERROR - 错误输出: 系统找不到指定的路径。

2026-03-18 21:39:04,837 - ERROR - 下载数据失败，跳过执行日期: 20260123
2026-03-18 21:39:04,837 - INFO - 
=== 处理执行日期: 20260124 (对应目标数据日期: 20260121) ===
2026-03-18 21:39:04,837 - INFO - 步骤1: 执行rms_pull.sh脚本下载数据
2026-03-18 21:39:04,837 - INFO - 执行命令: /home/dj/scripts/fileScripts/rms_pull.sh 20260124
2026-03-18 21:39:04,860 - ERROR - 命令执行失败: /home/dj/scripts/fileScripts/rms_pull.sh 20260124
2026-03-18 21:39:04,860 - ERROR - 错误输出: 系统找不到指定的路径。

2026-03-18 21:39:04,860 - ERROR - 下载数据失败，跳过执行日期: 20260124
2026-03-18 21:39:04,860 - INFO - 
=== 处理执行日期: 20260125 (对应目标数据日期: 20260122) ===
2026-03-18 21:39:04,860 - INFO - 步骤1: 执行rms_pull.sh脚本下载数据
2026-03-18 21:39:04,860 - INFO - 执行命令: /home/dj/scripts/fileScripts/rms_pull.sh 20260125
2026-03-18 21:39:04,895 - ERROR - 命令执行失败: /home/dj/scripts/fileScripts/rms_pull.sh 20260125
2026-03-18 21:39:04,895 - ERROR - 错误输出: 系统找不到指定的路径。

2026-03-18 21:39:04,895 - ERROR - 下载数据失败，跳过执行日期: 20260125
2026-03-18 21:39:04,895 - INFO - 
=== 处理执行日期: 20260126 (对应目标数据日期: 20260123) ===
2026-03-18 21:39:04,895 - INFO - 步骤1: 执行rms_pull.sh脚本下载数据
2026-03-18 21:39:04,895 - INFO - 执行命令: /home/dj/scripts/fileScripts/rms_pull.sh 20260126
2026-03-18 21:39:04,927 - ERROR - 命令执行失败: /home/dj/scripts/fileScripts/rms_pull.sh 20260126
2026-03-18 21:39:04,928 - ERROR - 错误输出: 系统找不到指定的路径。

2026-03-18 21:39:04,928 - ERROR - 下载数据失败，跳过执行日期: 20260126
2026-03-18 21:39:04,928 - INFO - 
=== 处理执行日期: 20260127 (对应目标数据日期: 20260124) ===
2026-03-18 21:39:04,928 - INFO - 步骤1: 执行rms_pull.sh脚本下载数据
2026-03-18 21:39:04,928 - INFO - 执行命令: /home/dj/scripts/fileScripts/rms_pull.sh 20260127
2026-03-18 21:39:04,957 - ERROR - 命令执行失败: /home/dj/scripts/fileScripts/rms_pull.sh 20260127
2026-03-18 21:39:04,958 - ERROR - 错误输出: 系统找不到指定的路径。

2026-03-18 21:39:04,958 - ERROR - 下载数据失败，跳过执行日期: 20260127
2026-03-18 21:39:04,958 - INFO - 
=== 处理执行日期: 20260128 (对应目标数据日期: 20260125) ===
2026-03-18 21:39:04,959 - INFO - 步骤1: 执行rms_pull.sh脚本下载数据
2026-03-18 21:39:04,959 - INFO - 执行命令: /home/dj/scripts/fileScripts/rms_pull.sh 20260128
2026-03-18 21:39:04,990 - ERROR - 命令执行失败: /home/dj/scripts/fileScripts/rms_pull.sh 20260128
2026-03-18 21:39:04,990 - ERROR - 错误输出: 系统找不到指定的路径。

2026-03-18 21:39:04,990 - ERROR - 下载数据失败，跳过执行日期: 20260128
2026-03-18 21:39:04,990 - INFO - 
=== 处理执行日期: 20260129 (对应目标数据日期: 20260126) ===
2026-03-18 21:39:04,992 - INFO - 步骤1: 执行rms_pull.sh脚本下载数据
2026-03-18 21:39:04,992 - INFO - 执行命令: /home/dj/scripts/fileScripts/rms_pull.sh 20260129
2026-03-18 21:39:05,015 - ERROR - 命令执行失败: /home/dj/scripts/fileScripts/rms_pull.sh 20260129
2026-03-18 21:39:05,015 - ERROR - 错误输出: 系统找不到指定的路径。

2026-03-18 21:39:05,015 - ERROR - 下载数据失败，跳过执行日期: 20260129
2026-03-18 21:39:05,015 - INFO - 
=== 处理执行日期: 20260130 (对应目标数据日期: 20260127) ===
2026-03-18 21:39:05,015 - INFO - 步骤1: 执行rms_pull.sh脚本下载数据
2026-03-18 21:39:05,015 - INFO - 执行命令: /home/dj/scripts/fileScripts/rms_pull.sh 20260130
2026-03-18 21:39:05,044 - ERROR - 命令执行失败: /home/dj/scripts/fileScripts/rms_pull.sh 20260130
2026-03-18 21:39:05,045 - ERROR - 错误输出: 系统找不到指定的路径。

2026-03-18 21:39:05,045 - ERROR - 下载数据失败，跳过执行日期: 20260130
2026-03-18 21:39:05,045 - INFO - 
=== 处理执行日期: 20260131 (对应目标数据日期: 20260128) ===
2026-03-18 21:39:05,045 - INFO - 步骤1: 执行rms_pull.sh脚本下载数据
2026-03-18 21:39:05,045 - INFO - 执行命令: /home/dj/scripts/fileScripts/rms_pull.sh 20260131
2026-03-18 21:39:05,064 - ERROR - 命令执行失败: /home/dj/scripts/fileScripts/rms_pull.sh 20260131
2026-03-18 21:39:05,064 - ERROR - 错误输出: 系统找不到指定的路径。

2026-03-18 21:39:05,064 - ERROR - 下载数据失败，跳过执行日期: 20260131
2026-03-18 21:39:05,064 - INFO - 
=== 处理执行日期: 20260201 (对应目标数据日期: 20260129) ===
2026-03-18 21:39:05,064 - INFO - 步骤1: 执行rms_pull.sh脚本下载数据
2026-03-18 21:39:05,064 - INFO - 执行命令: /home/dj/scripts/fileScripts/rms_pull.sh 20260201
2026-03-18 21:39:05,090 - ERROR - 命令执行失败: /home/dj/scripts/fileScripts/rms_pull.sh 20260201
2026-03-18 21:39:05,090 - ERROR - 错误输出: 系统找不到指定的路径。

2026-03-18 21:39:05,092 - ERROR - 下载数据失败，跳过执行日期: 20260201
2026-03-18 21:39:05,092 - INFO - 
=== 处理执行日期: 20260202 (对应目标数据日期: 20260130) ===
2026-03-18 21:39:05,092 - INFO - 步骤1: 执行rms_pull.sh脚本下载数据
2026-03-18 21:39:05,092 - INFO - 执行命令: /home/dj/scripts/fileScripts/rms_pull.sh 20260202
2026-03-18 21:39:05,122 - ERROR - 命令执行失败: /home/dj/scripts/fileScripts/rms_pull.sh 20260202
2026-03-18 21:39:05,122 - ERROR - 错误输出: 系统找不到指定的路径。

2026-03-18 21:39:05,122 - ERROR - 下载数据失败，跳过执行日期: 20260202
2026-03-18 21:39:05,122 - INFO - 
=== 处理执行日期: 20260203 (对应目标数据日期: 20260131) ===
2026-03-18 21:39:05,122 - INFO - 步骤1: 执行rms_pull.sh脚本下载数据
2026-03-18 21:39:05,122 - INFO - 执行命令: /home/dj/scripts/fileScripts/rms_pull.sh 20260203
2026-03-18 21:39:05,140 - ERROR - 命令执行失败: /home/dj/scripts/fileScripts/rms_pull.sh 20260203
2026-03-18 21:39:05,140 - ERROR - 错误输出: 系统找不到指定的路径。

2026-03-18 21:39:05,140 - ERROR - 下载数据失败，跳过执行日期: 20260203
2026-03-18 21:39:05,140 - INFO - 
=== 处理执行日期: 20260204 (对应目标数据日期: 20260201) ===
2026-03-18 21:39:05,140 - INFO - 步骤1: 执行rms_pull.sh脚本下载数据
2026-03-18 21:39:05,140 - INFO - 执行命令: /home/dj/scripts/fileScripts/rms_pull.sh 20260204
2026-03-18 21:39:05,157 - ERROR - 命令执行失败: /home/dj/scripts/fileScripts/rms_pull.sh 20260204
2026-03-18 21:39:05,157 - ERROR - 错误输出: 系统找不到指定的路径。

2026-03-18 21:39:05,157 - ERROR - 下载数据失败，跳过执行日期: 20260204
2026-03-18 21:39:05,157 - INFO - 
=== 处理执行日期: 20260205 (对应目标数据日期: 20260202) ===
2026-03-18 21:39:05,157 - INFO - 步骤1: 执行rms_pull.sh脚本下载数据
2026-03-18 21:39:05,157 - INFO - 执行命令: /home/dj/scripts/fileScripts/rms_pull.sh 20260205
2026-03-18 21:39:05,183 - ERROR - 命令执行失败: /home/dj/scripts/fileScripts/rms_pull.sh 20260205
2026-03-18 21:39:05,183 - ERROR - 错误输出: 系统找不到指定的路径。

2026-03-18 21:39:05,183 - ERROR - 下载数据失败，跳过执行日期: 20260205
2026-03-18 21:39:05,183 - INFO - 
=== 处理执行日期: 20260206 (对应目标数据日期: 20260203) ===
2026-03-18 21:39:05,183 - INFO - 步骤1: 执行rms_pull.sh脚本下载数据
2026-03-18 21:39:05,183 - INFO - 执行命令: /home/dj/scripts/fileScripts/rms_pull.sh 20260206
2026-03-18 21:39:05,204 - ERROR - 命令执行失败: /home/dj/scripts/fileScripts/rms_pull.sh 20260206
2026-03-18 21:39:05,204 - ERROR - 错误输出: 系统找不到指定的路径。

2026-03-18 21:39:05,204 - ERROR - 下载数据失败，跳过执行日期: 20260206
2026-03-18 21:39:05,204 - INFO - 
=== 处理执行日期: 20260207 (对应目标数据日期: 20260204) ===
2026-03-18 21:39:05,204 - INFO - 步骤1: 执行rms_pull.sh脚本下载数据
2026-03-18 21:39:05,204 - INFO - 执行命令: /home/dj/scripts/fileScripts/rms_pull.sh 20260207
2026-03-18 21:39:05,229 - ERROR - 命令执行失败: /home/dj/scripts/fileScripts/rms_pull.sh 20260207
2026-03-18 21:39:05,230 - ERROR - 错误输出: 系统找不到指定的路径。

2026-03-18 21:39:05,230 - ERROR - 下载数据失败，跳过执行日期: 20260207
2026-03-18 21:39:05,230 - INFO - 
=== 处理执行日期: 20260208 (对应目标数据日期: 20260205) ===
2026-03-18 21:39:05,230 - INFO - 步骤1: 执行rms_pull.sh脚本下载数据
2026-03-18 21:39:05,230 - INFO - 执行命令: /home/dj/scripts/fileScripts/rms_pull.sh 20260208
2026-03-18 21:39:05,254 - ERROR - 命令执行失败: /home/dj/scripts/fileScripts/rms_pull.sh 20260208
2026-03-18 21:39:05,255 - ERROR - 错误输出: 系统找不到指定的路径。

2026-03-18 21:39:05,255 - ERROR - 下载数据失败，跳过执行日期: 20260208
2026-03-18 21:39:05,255 - INFO - 
=== 处理执行日期: 20260209 (对应目标数据日期: 20260206) ===
2026-03-18 21:39:05,255 - INFO - 步骤1: 执行rms_pull.sh脚本下载数据
2026-03-18 21:39:05,255 - INFO - 执行命令: /home/dj/scripts/fileScripts/rms_pull.sh 20260209
2026-03-18 21:39:05,276 - ERROR - 命令执行失败: /home/dj/scripts/fileScripts/rms_pull.sh 20260209
2026-03-18 21:39:05,276 - ERROR - 错误输出: 系统找不到指定的路径。

2026-03-18 21:39:05,276 - ERROR - 下载数据失败，跳过执行日期: 20260209
2026-03-18 21:39:05,276 - INFO - 
=== 处理执行日期: 20260210 (对应目标数据日期: 20260207) ===
2026-03-18 21:39:05,276 - INFO - 步骤1: 执行rms_pull.sh脚本下载数据
2026-03-18 21:39:05,276 - INFO - 执行命令: /home/dj/scripts/fileScripts/rms_pull.sh 20260210
2026-03-18 21:39:05,300 - ERROR - 命令执行失败: /home/dj/scripts/fileScripts/rms_pull.sh 20260210
2026-03-18 21:39:05,300 - ERROR - 错误输出: 系统找不到指定的路径。

2026-03-18 21:39:05,302 - ERROR - 下载数据失败，跳过执行日期: 20260210
2026-03-18 21:39:05,302 - INFO - 
=== 处理执行日期: 20260211 (对应目标数据日期: 20260208) ===
2026-03-18 21:39:05,302 - INFO - 步骤1: 执行rms_pull.sh脚本下载数据
2026-03-18 21:39:05,302 - INFO - 执行命令: /home/dj/scripts/fileScripts/rms_pull.sh 20260211
2026-03-18 21:39:05,323 - ERROR - 命令执行失败: /home/dj/scripts/fileScripts/rms_pull.sh 20260211
2026-03-18 21:39:05,323 - ERROR - 错误输出: 系统找不到指定的路径。

2026-03-18 21:39:05,323 - ERROR - 下载数据失败，跳过执行日期: 20260211
2026-03-18 21:39:05,323 - INFO - 
=== 导入结果汇总 ===
2026-03-18 21:39:05,323 - INFO - 成功导入: 0 天
2026-03-18 21:39:05,323 - INFO - 成功执行日期: []
2026-03-18 21:39:05,323 - INFO - 失败导入: 32 天
2026-03-18 21:39:05,323 - INFO - 失败执行日期: ['20260111 (目标: 20260108)', '20260112 (目标: 20260109)', '20260113 (目标: 20260110)', '20260114 (目标: 20260111)', '20260115 (目标: 20260112)', '20260116 (目标: 20260113)', '20260117 (目标: 20260114)', '20260118 (目标: 20260115)', '20260119 (目标: 20260116)', '20260120 (目标: 20260117)', '20260121 (目标: 20260118)', '20260122 (目标: 20260119)', '20260123 (目标: 20260120)', '20260124 (目标: 20260121)', '20260125 (目标: 20260122)', '20260126 (目标: 20260123)', '20260127 (目标: 20260124)', '20260128 (目标: 20260125)', '20260129 (目标: 20260126)', '20260130 (目标: 20260127)', '20260131 (目标: 20260128)', '20260201 (目标: 20260129)', '20260202 (目标: 20260130)', '20260203 (目标: 20260131)', '20260204 (目标: 20260201)', '20260205 (目标: 20260202)', '20260206 (目标: 20260203)', '20260207 (目标: 20260204)', '20260208 (目标: 20260205)', '20260209 (目标: 20260206)', '20260210 (目标: 20260207)', '20260211 (目标: 20260208)']
2026-03-18 21:39:05,323 - INFO - 
执行脚本日期范围: 20260111 ~ 20260211
2026-03-18 21:39:05,323 - INFO - 目标数据日期范围: 20260108 ~ 20260208
2026-03-18 21:39:05,323 - WARNING - 部分日期导入失败，请检查日志并手动处理
2026-03-18 21:39:41,803 - INFO - 删除本地文件成功: HGU-test.csv
2026-03-18 21:41:53,841 - INFO - 执行命令: echo "test"
2026-03-18 21:41:53,855 - INFO - 命令执行成功: echo "test"
2026-03-18 21:41:53,855 - INFO - 执行命令: invalid_command_12345
2026-03-18 21:41:53,869 - ERROR - 命令执行失败: invalid_command_12345
2026-03-18 21:41:53,869 - ERROR - 错误输出: 'invalid_command_12345' 不是内部或外部命令，也不是可运行的程序
或批处理文件。

